<?xml version="1.0" encoding="UTF-8"?>
<!-- Generated by org.testng.reporters.JUnitReportReporter -->
<testsuite hostname="DESKTOP-U83RQPG" name="com.wallethum.testrunner.TestRunner" tests="1" failures="0" timestamp="18 Jul 2019 07:10:30 GMT" time="230.072" errors="0">
  <testcase name="feature" time="230.072" classname="com.wallethum.testrunner.TestRunner"/>
</testsuite> <!-- com.wallethum.testrunner.TestRunner -->
